<?xml version="1.0" encoding="UTF-8"?>
<!-- Generated by org.testng.reporters.JUnitReportReporter -->
<testsuite hostname="P4A-508SD48" name="com.accenture.tests.Demo3_JavaScriptExecutor" tests="1" failures="0" timestamp="23 Jul 2018 06:39:33 GMT" time="0.687" errors="0">
  <testcase name="javascript" time="0.687" classname="com.accenture.tests.Demo3_JavaScriptExecutor"/>
</testsuite> <!-- com.accenture.tests.Demo3_JavaScriptExecutor -->
