<?xml version="1.0" encoding="UTF-8"?>
<!-- Generated by org.testng.reporters.JUnitReportReporter -->
<testsuite hostname="P4A-508SD48" name="com.accenture.tests.Demo02_Robot" tests="1" failures="0" timestamp="23 Jul 2018 05:28:32 GMT" time="15.161" errors="0">
  <testcase name="robotclass" time="15.161" classname="com.accenture.tests.Demo02_Robot"/>
</testsuite> <!-- com.accenture.tests.Demo02_Robot -->
