<?xml version="1.0" encoding="UTF-8"?>
<!-- Generated by org.testng.reporters.JUnitReportReporter -->
<testsuite hostname="P4A-508SD48" name="com.accenture.tests.Demo04_TakingScreenshots" tests="1" failures="0" timestamp="23 Jul 2018 07:12:41 GMT" time="14.081" errors="0">
  <testcase name="movetoElement" time="14.081" classname="com.accenture.tests.Demo04_TakingScreenshots"/>
</testsuite> <!-- com.accenture.tests.Demo04_TakingScreenshots -->
