<?xml version="1.0" encoding="UTF-8"?>
<!-- Generated by org.testng.reporters.JUnitReportReporter -->
<testsuite hostname="P4A-508SD48" name="com.accenture.tests.Demo01_Actions" tests="1" failures="0" timestamp="23 Jul 2018 06:21:04 GMT" time="25.131" errors="0">
  <testcase name="movetoElement" time="25.131" classname="com.accenture.tests.Demo01_Actions"/>
</testsuite> <!-- com.accenture.tests.Demo01_Actions -->
